<?xml version="1.0" encoding="UTF-8"?>
<!-- Generated by org.testng.reporters.JUnitXMLReporter -->
<testsuite ignored="0" hostname="DESKTOP-4Q7NLPG" failures="0" tests="3" name="Default test" time="0.179" errors="0" timestamp="2024-02-18T09:32:20 IST">
  <testcase classname="practise.ReadingDataFromTextFile" name="test1" time="0.027"/>
  <testcase classname="practise.ReadingDataFromTextFile" name="test2" time="0.061"/>
  <testcase classname="practise.ReadingDataFromTextFile" name="test3" time="0.005"/>
</testsuite> <!-- Default test -->
