<?xml version="1.0" encoding="UTF-8"?>
<!-- Generated by org.testng.reporters.JUnitXMLReporter -->
<testsuite ignored="1" hostname="DESKTOP-4Q7NLPG" failures="0" tests="6" name="car loan" time="0.159" errors="0" timestamp="2024-01-25T15:31:58 IST">
  <testcase classname="test.Day3" name="Apilogincarloan" time="0.014"/>
  <testcase classname="test.Day3" name="mobilelogincarloan" time="0.001"/>
  <testcase classname="test.Day3" name="weblogincarloan" time="0.003"/>
  <testcase classname="test.Day4" name="mobileloginHomeloan" time="0.014"/>
  <testcase classname="test.Day4" name="webloginHomeloan" time="0.016"/>
  <testcase classname="test.Day4" name="mobilesignoutHomeloan" time="0.003"/>
  <testcase classname="test.Day4" name="ApiloginHomeloan" time="0.0">
    <ignored/>
  </testcase> <!-- ApiloginHomeloan -->
</testsuite> <!-- car loan -->
