<?xml version="1.0" encoding="UTF-8"?>
<testng-results ignored="0" total="3" passed="3" failed="0" skipped="0">
  <reporter-output>
  </reporter-output>
  <suite started-at="2024-02-18T09:32:19 IST" name="Default suite" finished-at="2024-02-18T09:32:20 IST" duration-ms="179">
    <groups>
    </groups>
    <test started-at="2024-02-18T09:32:19 IST" name="Default test" finished-at="2024-02-18T09:32:20 IST" duration-ms="179">
      <class name="practise.ReadingDataFromTextFile">
        <test-method signature="test1()[pri:0, instance:practise.ReadingDataFromTextFile@47987356]" started-at="2024-02-18T09:32:19 IST" name="test1" finished-at="2024-02-18T09:32:19 IST" duration-ms="27" status="PASS">
          <reporter-output>
          </reporter-output>
        </test-method> <!-- test1 -->
        <test-method signature="test2()[pri:0, instance:practise.ReadingDataFromTextFile@47987356]" started-at="2024-02-18T09:32:19 IST" name="test2" finished-at="2024-02-18T09:32:19 IST" duration-ms="61" status="PASS">
          <reporter-output>
          </reporter-output>
        </test-method> <!-- test2 -->
        <test-method signature="test3()[pri:0, instance:practise.ReadingDataFromTextFile@47987356]" started-at="2024-02-18T09:32:19 IST" name="test3" finished-at="2024-02-18T09:32:19 IST" duration-ms="5" status="PASS">
          <reporter-output>
          </reporter-output>
        </test-method> <!-- test3 -->
      </class> <!-- practise.ReadingDataFromTextFile -->
    </test> <!-- Default test -->
  </suite> <!-- Default suite -->
</testng-results>
